<?xml version="1.0" encoding="UTF-8"?>
<!-- Generated by org.testng.reporters.JUnitReportReporter -->
<testsuite hostname="WIN-46969103703" failures="0" tests="1" name="testcasesusingbdd.PutUsingBDD" time="2.280" errors="0" timestamp="2022-12-04T19:20:32 IST" skipped="0">
  <testcase classname="testcasesusingbdd.PutUsingBDD" name="putTest" time="2.280"/>
  <system-out/>
</testsuite> <!-- testcasesusingbdd.PutUsingBDD -->
