<?xml version="1.0" encoding="UTF-8"?>
<!-- Generated by org.testng.reporters.JUnitReportReporter -->
<testsuite hostname="WIN-46969103703" failures="0" tests="1" name="testcasesusingbdd.GetUsingBDD" time="2.891" errors="0" timestamp="2022-12-04T18:46:49 IST" skipped="0">
  <testcase classname="testcasesusingbdd.GetUsingBDD" name="getBooks" time="2.891"/>
  <system-out/>
</testsuite> <!-- testcasesusingbdd.GetUsingBDD -->
