<?xml version="1.0" encoding="UTF-8"?>
<!-- Generated by org.testng.reporters.JUnitReportReporter -->
<testsuite hostname="WIN-46969103703" failures="0" tests="1" name="fileupload.FileUpload" time="4.725" errors="0" timestamp="2023-02-19T14:13:09 IST" skipped="0">
  <testcase classname="fileupload.FileUpload" name="fileUpload" time="4.725"/>
  <system-out/>
</testsuite> <!-- fileupload.FileUpload -->
