<?xml version="1.0" encoding="UTF-8"?>
<!-- Generated by org.testng.reporters.JUnitReportReporter -->
<testsuite hostname="WIN-46969103703" failures="0" tests="1" name="fileuploadanddownload.FileUploadandDownload" time="2.160" errors="0" timestamp="2023-02-19T14:22:59 IST" skipped="0">
  <testcase classname="fileuploadanddownload.FileUploadandDownload" name="fileDownload" time="2.160"/>
  <system-out/>
</testsuite> <!-- fileuploadanddownload.FileUploadandDownload -->
