<?xml version="1.0" encoding="UTF-8"?>
<!-- Generated by org.testng.reporters.JUnitReportReporter -->
<testsuite hostname="WIN-46969103703" failures="0" tests="1" name="testcasesusingbdd.PostUsingBDD" time="2.742" errors="0" timestamp="2022-12-04T19:08:08 IST" skipped="0">
  <testcase classname="testcasesusingbdd.PostUsingBDD" name="testPost" time="2.742"/>
  <system-out/>
</testsuite> <!-- testcasesusingbdd.PostUsingBDD -->
