<?xml version="1.0" encoding="UTF-8"?>
<!-- Generated by org.testng.reporters.JUnitReportReporter -->
<testsuite hostname="WIN-46969103703" failures="0" tests="1" name="testcasesusingbdd.DeleteUsingBDD" time="2.203" errors="0" timestamp="2022-12-04T19:33:26 IST" skipped="0">
  <testcase classname="testcasesusingbdd.DeleteUsingBDD" name="deleteRecord" time="2.203"/>
  <system-out/>
</testsuite> <!-- testcasesusingbdd.DeleteUsingBDD -->
