<?xml version="1.0" encoding="UTF-8"?>
<!-- Generated by org.testng.reporters.JUnitReportReporter -->
<testsuite hostname="WIN-46969103703" failures="0" tests="1" name="resttestcases.TC02_POST_Request" time="4.117" errors="0" timestamp="2022-12-01T15:56:34 IST" skipped="0">
  <testcase classname="resttestcases.TC02_POST_Request" name="getWeatherDetails" time="4.117"/>
  <system-out/>
</testsuite> <!-- resttestcases.TC02_POST_Request -->
