<?xml version="1.0" encoding="UTF-8"?>
<!-- Generated by org.testng.reporters.JUnitReportReporter -->
<testsuite hostname="WIN-46969103703" failures="0" tests="1" name="testcasesusingbdd.MixedProblems" time="2.175" errors="0" timestamp="2022-12-06T22:35:10 IST" skipped="0">
  <testcase classname="testcasesusingbdd.MixedProblems" name="indianPlayerCount" time="2.175"/>
  <system-out/>
</testsuite> <!-- testcasesusingbdd.MixedProblems -->
